[2016-01-29 19:39:23] production.ERROR: exception 'ErrorException' with message 'file_put_contents(/b1d224b774e83a1da5f97bce061ac4a9545c6813.php): failed to open stream: Permission denied' in /home/petrero/www/CodeceptionLaravel/vendor/laravel/framework/src/Illuminate/Filesystem/Filesystem.php:81
Stack trace:
#0 [internal function]: Illuminate\Foundation\Bootstrap\HandleExceptions->handleError(2, 'file_put_conten...', '/home/petrero/w...', 81, Array)
#1 /home/petrero/www/CodeceptionLaravel/vendor/laravel/framework/src/Illuminate/Filesystem/Filesystem.php(81): file_put_contents('/b1d224b774e83a...', '<!DOCTYPE html>...', 0)
#2 /home/petrero/www/CodeceptionLaravel/vendor/laravel/framework/src/Illuminate/View/Compilers/BladeCompiler.php(102): Illuminate\Filesystem\Filesystem->put('/b1d224b774e83a...', '<!DOCTYPE html>...')
#3 /home/petrero/www/CodeceptionLaravel/vendor/laravel/framework/src/Illuminate/View/Engines/CompilerEngine.php(51): Illuminate\View\Compilers\BladeCompiler->compile('/home/petrero/w...')
#4 /home/petrero/www/CodeceptionLaravel/vendor/laravel/framework/src/Illuminate/View/View.php(135): Illuminate\View\Engines\CompilerEngine->get('/home/petrero/w...', Array)
#5 /home/petrero/www/CodeceptionLaravel/vendor/laravel/framework/src/Illuminate/View/View.php(106): Illuminate\View\View->getContents()
#6 /home/petrero/www/CodeceptionLaravel/vendor/laravel/framework/src/Illuminate/View/View.php(80): Illuminate\View\View->renderContents()
#7 /home/petrero/www/CodeceptionLaravel/vendor/laravel/framework/src/Illuminate/Http/Response.php(53): Illuminate\View\View->render()
#8 /home/petrero/www/CodeceptionLaravel/vendor/symfony/http-foundation/Response.php(197): Illuminate\Http\Response->setContent(Object(Illuminate\View\View))
#9 /home/petrero/www/CodeceptionLaravel/vendor/laravel/framework/src/Illuminate/Routing/Router.php(1030): Symfony\Component\HttpFoundation\Response->__construct(Object(Illuminate\View\View))
#10 /home/petrero/www/CodeceptionLaravel/vendor/laravel/framework/src/Illuminate/Routing/Router.php(704): Illuminate\Routing\Router->prepareResponse(Object(Illuminate\Http\Request), Object(Illuminate\View\View))
#11 [internal function]: Illuminate\Routing\Router->Illuminate\Routing\{closure}(Object(Illuminate\Http\Request))
#12 /home/petrero/www/CodeceptionLaravel/vendor/laravel/framework/src/Illuminate/Routing/Pipeline.php(52): call_user_func(Object(Closure), Object(Illuminate\Http\Request))
#13 [internal function]: Illuminate\Routing\Pipeline->Illuminate\Routing\{closure}(Object(Illuminate\Http\Request))
#14 /home/petrero/www/CodeceptionLaravel/vendor/laravel/framework/src/Illuminate/Pipeline/Pipeline.php(103): call_user_func(Object(Closure), Object(Illuminate\Http\Request))
#15 /home/petrero/www/CodeceptionLaravel/vendor/laravel/framework/src/Illuminate/Routing/Router.php(705): Illuminate\Pipeline\Pipeline->then(Object(Closure))
#16 /home/petrero/www/CodeceptionLaravel/vendor/laravel/framework/src/Illuminate/Routing/Router.php(678): Illuminate\Routing\Router->runRouteWithinStack(Object(Illuminate\Routing\Route), Object(Illuminate\Http\Request))
#17 /home/petrero/www/CodeceptionLaravel/vendor/laravel/framework/src/Illuminate/Routing/Router.php(654): Illuminate\Routing\Router->dispatchToRoute(Object(Illuminate\Http\Request))
#18 /home/petrero/www/CodeceptionLaravel/vendor/laravel/framework/src/Illuminate/Foundation/Http/Kernel.php(246): Illuminate\Routing\Router->dispatch(Object(Illuminate\Http\Request))
#19 [internal function]: Illuminate\Foundation\Http\Kernel->Illuminate\Foundation\Http\{closure}(Object(Illuminate\Http\Request))
#20 /home/petrero/www/CodeceptionLaravel/vendor/laravel/framework/src/Illuminate/Routing/Pipeline.php(52): call_user_func(Object(Closure), Object(Illuminate\Http\Request))
#21 /home/petrero/www/CodeceptionLaravel/vendor/laravel/framework/src/Illuminate/Foundation/Http/Middleware/CheckForMaintenanceMode.php(44): Illuminate\Routing\Pipeline->Illuminate\Routing\{closure}(Object(Illuminate\Http\Request))
#22 [internal function]: Illuminate\Foundation\Http\Middleware\CheckForMaintenanceMode->handle(Object(Illuminate\Http\Request), Object(Closure))
#23 /home/petrero/www/CodeceptionLaravel/vendor/laravel/framework/src/Illuminate/Pipeline/Pipeline.php(124): call_user_func_array(Array, Array)
#24 [internal function]: Illuminate\Pipeline\Pipeline->Illuminate\Pipeline\{closure}(Object(Illuminate\Http\Request))
#25 /home/petrero/www/CodeceptionLaravel/vendor/laravel/framework/src/Illuminate/Routing/Pipeline.php(32): call_user_func(Object(Closure), Object(Illuminate\Http\Request))
#26 [internal function]: Illuminate\Routing\Pipeline->Illuminate\Routing\{closure}(Object(Illuminate\Http\Request))
#27 /home/petrero/www/CodeceptionLaravel/vendor/laravel/framework/src/Illuminate/Pipeline/Pipeline.php(103): call_user_func(Object(Closure), Object(Illuminate\Http\Request))
#28 /home/petrero/www/CodeceptionLaravel/vendor/laravel/framework/src/Illuminate/Foundation/Http/Kernel.php(132): Illuminate\Pipeline\Pipeline->then(Object(Closure))
#29 /home/petrero/www/CodeceptionLaravel/vendor/laravel/framework/src/Illuminate/Foundation/Http/Kernel.php(99): Illuminate\Foundation\Http\Kernel->sendRequestThroughRouter(Object(Illuminate\Http\Request))
#30 /home/petrero/www/CodeceptionLaravel/vendor/laravel/framework/src/Illuminate/Foundation/Application.php(782): Illuminate\Foundation\Http\Kernel->handle(Object(Illuminate\Http\Request))
#31 phar:///usr/local/bin/codecept/src/Codeception/Lib/Connector/Laravel5.php(80): Illuminate\Foundation\Application->handle(Object(Illuminate\Http\Request))
#32 phar:///usr/local/bin/codecept/vendor/symfony/browser-kit/Client.php(317): Codeception\Lib\Connector\Laravel5->doRequest(Object(Symfony\Component\HttpFoundation\Request))
#33 phar:///usr/local/bin/codecept/src/Codeception/Lib/InnerBrowser.php(158): Symfony\Component\BrowserKit\Client->request('GET', '/', Array, Array, Array, NULL, true)
#34 phar:///usr/local/bin/codecept/src/Codeception/Lib/InnerBrowser.php(201): Codeception\Lib\InnerBrowser->clientRequest('GET', '/', Array, Array, Array, NULL)
#35 phar:///usr/local/bin/codecept/src/Codeception/Lib/InnerBrowser.php(245): Codeception\Lib\InnerBrowser->_loadPage('GET', '/')
#36 [internal function]: Codeception\Lib\InnerBrowser->amOnPage('/')
#37 phar:///usr/local/bin/codecept/src/Codeception/Step.php(200): call_user_func_array(Array, Array)
#38 phar:///usr/local/bin/codecept/src/Codeception/TestCase/Shared/Actor.php(99): Codeception\Step->run(Object(Codeception\Lib\ModuleContainer))
#39 phar:///usr/local/bin/codecept/src/Codeception/Scenario.php(101): Codeception\TestCase\Cept->runStep(Object(Codeception\Step\Condition))
#40 /home/petrero/www/CodeceptionLaravel/app/tests/_support/_generated/FunctionalTesterActions.php(1192): Codeception\Scenario->runStep(Object(Codeception\Step\Condition))
#41 /home/petrero/www/CodeceptionLaravel/app/tests/functional/MyFirstFunctionalCept.php(4): FunctionalTester->amOnPage('/')
#42 phar:///usr/local/bin/codecept/src/Codeception/TestCase/Cept.php(70): require('/home/petrero/w...')
#43 [internal function]: Codeception\TestCase\Cept->testCodecept()
#44 phar:///usr/local/bin/codecept/vendor/phpunit/phpunit/src/Framework/TestCase.php(909): ReflectionMethod->invokeArgs(Object(Codeception\TestCase\Cept), Array)
#45 phar:///usr/local/bin/codecept/vendor/phpunit/phpunit/src/Framework/TestCase.php(768): PHPUnit_Framework_TestCase->runTest()
#46 phar:///usr/local/bin/codecept/vendor/phpunit/phpunit/src/Framework/TestResult.php(612): PHPUnit_Framework_TestCase->runBare()
#47 phar:///usr/local/bin/codecept/vendor/phpunit/phpunit/src/Framework/TestCase.php(724): PHPUnit_Framework_TestResult->run(Object(Codeception\TestCase\Cept))
#48 phar:///usr/local/bin/codecept/vendor/phpunit/phpunit/src/Framework/TestSuite.php(747): PHPUnit_Framework_TestCase->run(Object(PHPUnit_Framework_TestResult))
#49 phar:///usr/local/bin/codecept/src/Codeception/PHPUnit/Runner.php(89): PHPUnit_Framework_TestSuite->run(Object(PHPUnit_Framework_TestResult))
#50 phar:///usr/local/bin/codecept/src/Codeception/SuiteManager.php(153): Codeception\PHPUnit\Runner->doEnhancedRun(Object(Codeception\Lib\Suite), Object(PHPUnit_Framework_TestResult), Array)
#51 phar:///usr/local/bin/codecept/src/Codeception/Codecept.php(203): Codeception\SuiteManager->run(Object(Codeception\PHPUnit\Runner), Object(PHPUnit_Framework_TestResult), Array)
#52 phar:///usr/local/bin/codecept/src/Codeception/Codecept.php(172): Codeception\Codecept->runSuite(Array, 'functional', NULL)
#53 phar:///usr/local/bin/codecept/src/Codeception/Command/Run.php(262): Codeception\Codecept->run('functional')
#54 phar:///usr/local/bin/codecept/src/Codeception/Command/Run.php(189): Codeception\Command\Run->runSuites(Array, Array)
#55 phar:///usr/local/bin/codecept/vendor/symfony/console/Command/Command.php(256): Codeception\Command\Run->execute(Object(Symfony\Component\Console\Input\ArgvInput), Object(Symfony\Component\Console\Output\ConsoleOutput))
#56 phar:///usr/local/bin/codecept/vendor/symfony/console/Application.php(788): Symfony\Component\Console\Command\Command->run(Object(Symfony\Component\Console\Input\ArgvInput), Object(Symfony\Component\Console\Output\ConsoleOutput))
#57 phar:///usr/local/bin/codecept/vendor/symfony/console/Application.php(186): Symfony\Component\Console\Application->doRunCommand(Object(Codeception\Command\Run), Object(Symfony\Component\Console\Input\ArgvInput), Object(Symfony\Component\Console\Output\ConsoleOutput))
#58 phar:///usr/local/bin/codecept/vendor/symfony/console/Application.php(117): Symfony\Component\Console\Application->doRun(Object(Symfony\Component\Console\Input\ArgvInput), Object(Symfony\Component\Console\Output\ConsoleOutput))
#59 phar:///usr/local/bin/codecept/codecept(34): Symfony\Component\Console\Application->run()
#60 /usr/local/bin/codecept(7): require_once('phar:///usr/loc...')
#61 {main}  
